0 info it worked if it ends with ok
1 verbose cli [ 'node', '/usr/local/bin/npm', 'run', 'dev' ]
2 info using npm@2.11.2
3 info using node@v0.12.5
4 verbose node symlink /usr/local/bin/node
5 verbose run-script [ 'predev', 'dev', 'postdev' ]
6 info predev environmental_awareness@1.0.0
7 info dev environmental_awareness@1.0.0
8 verbose unsafe-perm in lifecycle true
9 info environmental_awareness@1.0.0 Failed to exec dev script
10 verbose stack Error: environmental_awareness@1.0.0 dev: `nodemon server.js & webpack-dev-server --hot --inline`
10 verbose stack Exit status 1
10 verbose stack     at EventEmitter.<anonymous> (/usr/local/lib/node_modules/npm/lib/utils/lifecycle.js:213:16)
10 verbose stack     at EventEmitter.emit (events.js:110:17)
10 verbose stack     at ChildProcess.<anonymous> (/usr/local/lib/node_modules/npm/lib/utils/spawn.js:24:14)
10 verbose stack     at ChildProcess.emit (events.js:110:17)
10 verbose stack     at maybeClose (child_process.js:1015:16)
10 verbose stack     at Process.ChildProcess._handle.onexit (child_process.js:1087:5)
11 verbose pkgid environmental_awareness@1.0.0
12 verbose cwd /Users/webdev/Desktop/environmental_awareness
13 error Darwin 14.5.0
14 error argv "node" "/usr/local/bin/npm" "run" "dev"
15 error node v0.12.5
16 error npm  v2.11.2
17 error code ELIFECYCLE
18 error environmental_awareness@1.0.0 dev: `nodemon server.js & webpack-dev-server --hot --inline`
18 error Exit status 1
19 error Failed at the environmental_awareness@1.0.0 dev script 'nodemon server.js & webpack-dev-server --hot --inline'.
19 error This is most likely a problem with the environmental_awareness package,
19 error not with npm itself.
19 error Tell the author that this fails on your system:
19 error     nodemon server.js & webpack-dev-server --hot --inline
19 error You can get their info via:
19 error     npm owner ls environmental_awareness
19 error There is likely additional logging output above.
20 verbose exit [ 1, true ]
